mode: set
gitlab.alibaba-inc.com/alicloud-sdk/fc-util/golang/utils/utils.go:7.68,9.33 2 1
gitlab.alibaba-inc.com/alicloud-sdk/fc-util/golang/utils/utils.go:12.2,13.8 2 1
gitlab.alibaba-inc.com/alicloud-sdk/fc-util/golang/utils/utils.go:9.33,11.3 1 1
gitlab.alibaba-inc.com/alicloud-sdk/fc-util/golang/utils/assert.go:9.109,11.2 1 1
gitlab.alibaba-inc.com/alicloud-sdk/fc-util/golang/utils/assert.go:13.37,14.19 1 1
gitlab.alibaba-inc.com/alicloud-sdk/fc-util/golang/utils/assert.go:18.2,27.36 4 1
gitlab.alibaba-inc.com/alicloud-sdk/fc-util/golang/utils/assert.go:31.2,31.14 1 1
gitlab.alibaba-inc.com/alicloud-sdk/fc-util/golang/utils/assert.go:14.19,16.3 1 1
gitlab.alibaba-inc.com/alicloud-sdk/fc-util/golang/utils/assert.go:27.36,29.3 1 1
gitlab.alibaba-inc.com/alicloud-sdk/fc-util/golang/utils/assert.go:34.65,35.34 1 1
gitlab.alibaba-inc.com/alicloud-sdk/fc-util/golang/utils/assert.go:41.2,41.14 1 1
gitlab.alibaba-inc.com/alicloud-sdk/fc-util/golang/utils/assert.go:35.34,36.23 1 1
gitlab.alibaba-inc.com/alicloud-sdk/fc-util/golang/utils/assert.go:36.23,38.4 1 1
gitlab.alibaba-inc.com/alicloud-sdk/fc-util/golang/utils/assert.go:44.50,45.30 1 1
gitlab.alibaba-inc.com/alicloud-sdk/fc-util/golang/utils/assert.go:45.30,47.3 1 1
gitlab.alibaba-inc.com/alicloud-sdk/fc-util/golang/utils/assert.go:50.50,51.20 1 1
gitlab.alibaba-inc.com/alicloud-sdk/fc-util/golang/utils/assert.go:51.20,53.3 1 1
gitlab.alibaba-inc.com/alicloud-sdk/fc-util/golang/utils/assert.go:56.53,57.19 1 1
gitlab.alibaba-inc.com/alicloud-sdk/fc-util/golang/utils/assert.go:57.19,59.3 1 1
gitlab.alibaba-inc.com/alicloud-sdk/fc-util/golang/utils/assert.go:62.74,63.35 1 1
gitlab.alibaba-inc.com/alicloud-sdk/fc-util/golang/utils/assert.go:63.35,64.51 1 1
gitlab.alibaba-inc.com/alicloud-sdk/fc-util/golang/utils/assert.go:64.51,66.4 1 1
